Desarrollo/ACU/ACU_FE/App_Comedor_UNMSM/app/build/intermediates/manifest_merge_blame_file/debug/manifest-merger-blame-debug-report.txt
1<?xml version="1.0" encoding="utf-8"?>
2<manifest xmlns:android="http://schemas.android.com/apk/res/android"
3    package="com.example.app_comedor_unmsm"
4    android:versionCode="1"
5    android:versionName="1.0" >
6
7    <uses-sdk
8        android:minSdkVersion="21"
8-->src\main\AndroidManifest.xml
9        android:targetSdkVersion="32" />
9-->src\main\AndroidManifest.xml
10
11    <uses-permission android:name="android.permission.CAMERA" /> <!-- Don't require camera, as this requires a rear camera. This allows it to work on the Nexus 7 -->
11-->[com.journeyapps:zxing-android-embedded:4.3.0] AndroidManifest.xml:22:5-65
11-->[com.journeyapps:zxing-android-embedded:4.3.0] AndroidManifest.xml:22:22-62
12    <uses-feature
12-->[com.journeyapps:zxing-android-embedded:4.3.0] AndroidManifest.xml:25:5-27:36
13        android:name="android.hardware.camera"
13-->[com.journeyapps:zxing-android-embedded:4.3.0] AndroidManifest.xml:26:9-47
14        android:required="false" />
14-->[com.journeyapps:zxing-android-embedded:4.3.0] AndroidManifest.xml:27:9-33
15    <uses-feature
15-->[com.journeyapps:zxing-android-embedded:4.3.0] AndroidManifest.xml:28:5-30:36
16        android:name="android.hardware.camera.front"
16-->[com.journeyapps:zxing-android-embedded:4.3.0] AndroidManifest.xml:29:9-53
17        android:required="false" /> <!-- TODO replace above two with next line after Android 4.2 -->
17-->[com.journeyapps:zxing-android-embedded:4.3.0] AndroidManifest.xml:30:9-33
18    <!-- <uses-feature android:name="android.hardware.camera.any"/> -->
19    <uses-feature
19-->[com.journeyapps:zxing-android-embedded:4.3.0] AndroidManifest.xml:33:5-35:36
20        android:name="android.hardware.camera.autofocus"
20-->[com.journeyapps:zxing-android-embedded:4.3.0] AndroidManifest.xml:34:9-57
21        android:required="false" />
21-->[com.journeyapps:zxing-android-embedded:4.3.0] AndroidManifest.xml:35:9-33
22    <uses-feature
22-->[com.journeyapps:zxing-android-embedded:4.3.0] AndroidManifest.xml:36:5-38:36
23        android:name="android.hardware.camera.flash"
23-->[com.journeyapps:zxing-android-embedded:4.3.0] AndroidManifest.xml:37:9-53
24        android:required="false" />
24-->[com.journeyapps:zxing-android-embedded:4.3.0] AndroidManifest.xml:38:9-33
25    <uses-feature
25-->[com.journeyapps:zxing-android-embedded:4.3.0] AndroidManifest.xml:39:5-41:36
26        android:name="android.hardware.screen.landscape"
26-->[com.journeyapps:zxing-android-embedded:4.3.0] AndroidManifest.xml:40:9-57
27        android:required="false" />
27-->[com.journeyapps:zxing-android-embedded:4.3.0] AndroidManifest.xml:41:9-33
28    <uses-feature
28-->[com.journeyapps:zxing-android-embedded:4.3.0] AndroidManifest.xml:42:5-44:36
29        android:name="android.hardware.wifi"
29-->[com.journeyapps:zxing-android-embedded:4.3.0] AndroidManifest.xml:43:9-45
30        android:required="false" />
30-->[com.journeyapps:zxing-android-embedded:4.3.0] AndroidManifest.xml:44:9-33
31
32    <permission
32-->[androidx.core:core:1.9.0] AndroidManifest.xml:22:5-24:47
33        android:name="com.example.app_comedor_unmsm.DYNAMIC_RECEIVER_NOT_EXPORTED_PERMISSION"
33-->[androidx.core:core:1.9.0] AndroidManifest.xml:23:9-81
34        android:protectionLevel="signature" />
34-->[androidx.core:core:1.9.0] AndroidManifest.xml:24:9-44
35
36    <uses-permission android:name="com.example.app_comedor_unmsm.DYNAMIC_RECEIVER_NOT_EXPORTED_PERMISSION" />
36-->[androidx.core:core:1.9.0] AndroidManifest.xml:26:5-97
36-->[androidx.core:core:1.9.0] AndroidManifest.xml:26:22-94
37
38    <application
38-->src\main\AndroidManifest.xml:6:5-37:19
39        android:allowBackup="true"
39-->src\main\AndroidManifest.xml:7:9-35
40        android:appComponentFactory="androidx.core.app.CoreComponentFactory"
40-->[androidx.core:core:1.9.0] AndroidManifest.xml:28:18-86
41        android:dataExtractionRules="@xml/data_extraction_rules"
41-->src\main\AndroidManifest.xml:8:9-65
42        android:debuggable="true"
43        android:fullBackupContent="@xml/backup_rules"
43-->src\main\AndroidManifest.xml:9:9-54
44        android:icon="@mipmap/ic_launcher"
44-->src\main\AndroidManifest.xml:10:9-43
45        android:label="@string/app_name"
45-->src\main\AndroidManifest.xml:11:9-41
46        android:roundIcon="@mipmap/ic_launcher_round"
46-->src\main\AndroidManifest.xml:12:9-54
47        android:supportsRtl="true"
47-->src\main\AndroidManifest.xml:13:9-35
48        android:testOnly="true"
49        android:theme="@style/Theme.App_Comedor_UNMSM" >
49-->src\main\AndroidManifest.xml:14:9-55
50        <activity
50-->src\main\AndroidManifest.xml:16:9-22:20
51            android:name="com.example.app_comedor_unmsm.ui.ticket.ReservarTicketActivity"
51-->src\main\AndroidManifest.xml:17:13-61
52            android:exported="false" >
52-->src\main\AndroidManifest.xml:18:13-37
53            <meta-data
53-->src\main\AndroidManifest.xml:19:13-21:36
54                android:name="android.app.lib_name"
54-->src\main\AndroidManifest.xml:20:17-52
55                android:value="" />
55-->src\main\AndroidManifest.xml:21:17-33
56        </activity>
57        <activity
57-->src\main\AndroidManifest.xml:23:9-25:40
58            android:name="com.example.app_comedor_unmsm.ui.ticket.MostrarTicketActivity"
58-->src\main\AndroidManifest.xml:24:13-60
59            android:exported="false" />
59-->src\main\AndroidManifest.xml:25:13-37
60        <activity
60-->src\main\AndroidManifest.xml:26:9-36:20
61            android:name="com.example.app_comedor_unmsm.MainActivity"
61-->src\main\AndroidManifest.xml:27:13-41
62            android:exported="true"
62-->src\main\AndroidManifest.xml:28:13-36
63            android:label="@string/app_name"
63-->src\main\AndroidManifest.xml:29:13-45
64            android:theme="@style/Theme.App_Comedor_UNMSM.NoActionBar" >
64-->src\main\AndroidManifest.xml:30:13-71
65            <intent-filter>
65-->src\main\AndroidManifest.xml:31:13-35:29
66                <action android:name="android.intent.action.MAIN" />
66-->src\main\AndroidManifest.xml:32:17-69
66-->src\main\AndroidManifest.xml:32:25-66
67
68                <category android:name="android.intent.category.LAUNCHER" />
68-->src\main\AndroidManifest.xml:34:17-77
68-->src\main\AndroidManifest.xml:34:27-74
69            </intent-filter>
70        </activity>
71
72        <uses-library
72-->[androidx.window:window:1.0.0] AndroidManifest.xml:25:9-27:40
73            android:name="androidx.window.extensions"
73-->[androidx.window:window:1.0.0] AndroidManifest.xml:26:13-54
74            android:required="false" />
74-->[androidx.window:window:1.0.0] AndroidManifest.xml:27:13-37
75        <uses-library
75-->[androidx.window:window:1.0.0] AndroidManifest.xml:28:9-30:40
76            android:name="androidx.window.sidecar"
76-->[androidx.window:window:1.0.0] AndroidManifest.xml:29:13-51
77            android:required="false" />
77-->[androidx.window:window:1.0.0] AndroidManifest.xml:30:13-37
78
79        <activity
79-->[com.journeyapps:zxing-android-embedded:4.3.0] AndroidManifest.xml:47:9-53:63
80            android:name="com.journeyapps.barcodescanner.CaptureActivity"
80-->[com.journeyapps:zxing-android-embedded:4.3.0] AndroidManifest.xml:48:13-74
81            android:clearTaskOnLaunch="true"
81-->[com.journeyapps:zxing-android-embedded:4.3.0] AndroidManifest.xml:49:13-45
82            android:screenOrientation="sensorLandscape"
82-->[com.journeyapps:zxing-android-embedded:4.3.0] AndroidManifest.xml:50:13-56
83            android:stateNotNeeded="true"
83-->[com.journeyapps:zxing-android-embedded:4.3.0] AndroidManifest.xml:51:13-42
84            android:theme="@style/zxing_CaptureTheme"
84-->[com.journeyapps:zxing-android-embedded:4.3.0] AndroidManifest.xml:52:13-54
85            android:windowSoftInputMode="stateAlwaysHidden" />
85-->[com.journeyapps:zxing-android-embedded:4.3.0] AndroidManifest.xml:53:13-60
86
87        <provider
87-->[androidx.emoji2:emoji2:1.2.0] AndroidManifest.xml:24:9-32:20
88            android:name="androidx.startup.InitializationProvider"
88-->[androidx.emoji2:emoji2:1.2.0] AndroidManifest.xml:25:13-67
89            android:authorities="com.example.app_comedor_unmsm.androidx-startup"
89-->[androidx.emoji2:emoji2:1.2.0] AndroidManifest.xml:26:13-68
90            android:exported="false" >
90-->[androidx.emoji2:emoji2:1.2.0] AndroidManifest.xml:27:13-37
91            <meta-data
91-->[androidx.emoji2:emoji2:1.2.0] AndroidManifest.xml:29:13-31:52
92                android:name="androidx.emoji2.text.EmojiCompatInitializer"
92-->[androidx.emoji2:emoji2:1.2.0] AndroidManifest.xml:30:17-75
93                android:value="androidx.startup" />
93-->[androidx.emoji2:emoji2:1.2.0] AndroidManifest.xml:31:17-49
94            <meta-data
94-->[androidx.lifecycle:lifecycle-process:2.4.1] AndroidManifest.xml:31:13-33:52
95                android:name="androidx.lifecycle.ProcessLifecycleInitializer"
95-->[androidx.lifecycle:lifecycle-process:2.4.1] AndroidManifest.xml:32:17-78
96                android:value="androidx.startup" />
96-->[androidx.lifecycle:lifecycle-process:2.4.1] AndroidManifest.xml:33:17-49
97        </provider>
98        <provider
98-->[com.squareup.picasso:picasso:2.8] AndroidManifest.xml:8:9-11:40
99            android:name="com.squareup.picasso.PicassoProvider"
99-->[com.squareup.picasso:picasso:2.8] AndroidManifest.xml:9:13-64
100            android:authorities="com.example.app_comedor_unmsm.com.squareup.picasso"
100-->[com.squareup.picasso:picasso:2.8] AndroidManifest.xml:10:13-72
101            android:exported="false" />
101-->[com.squareup.picasso:picasso:2.8] AndroidManifest.xml:11:13-37
102    </application>
103
104</manifest>